<?xml version="1.0" encoding="UTF-8"?>
<!-- Generated by org.testng.reporters.JUnitReportReporter -->
<testsuite skipped="0" hostname="DESKTOP-N60QB27" name="Test.T6" tests="1" failures="0" timestamp="2022-10-12T09:10:36 IST" time="11.292" errors="0">
  <testcase name="m1" time="11.292" classname="Test.T6"/>
  <system-out/>
</testsuite> <!-- Test.T6 -->
