<?xml version="1.0" encoding="UTF-8"?>
<!-- Generated by org.testng.reporters.JUnitReportReporter -->
<testsuite skipped="0" hostname="DESKTOP-N60QB27" name="rough.RefreshBrowser" tests="1" failures="0" timestamp="2022-10-11T17:05:42 IST" time="8.625" errors="0">
  <testcase name="m1" time="8.625" classname="rough.RefreshBrowser"/>
  <system-out/>
</testsuite> <!-- rough.RefreshBrowser -->
