<?xml version="1.0" encoding="UTF-8"?>
<!-- Generated by org.testng.reporters.JUnitReportReporter -->
<testsuite skipped="0" hostname="DESKTOP-N60QB27" name="Test.T4" tests="1" failures="0" timestamp="2022-10-12T09:04:23 IST" time="16.063" errors="0">
  <testcase name="m1" time="16.063" classname="Test.T4"/>
  <system-out/>
</testsuite> <!-- Test.T4 -->
