<?xml version="1.0" encoding="UTF-8"?>
<!-- Generated by org.testng.reporters.JUnitReportReporter -->
<testsuite skipped="0" hostname="DESKTOP-N60QB27" name="Test.T9" tests="1" failures="0" timestamp="2022-10-12T20:23:21 IST" time="7.733" errors="0">
  <testcase name="m1" time="7.733" classname="Test.T9"/>
  <system-out/>
</testsuite> <!-- Test.T9 -->
