<?xml version="1.0" encoding="UTF-8"?>
<!-- Generated by org.testng.reporters.JUnitReportReporter -->
<testsuite skipped="0" hostname="DESKTOP-N60QB27" name="rough.ClickElement2" tests="1" failures="0" timestamp="2022-10-11T17:10:48 IST" time="12.592" errors="0">
  <testcase name="m1" time="12.592" classname="rough.ClickElement2"/>
  <system-out/>
</testsuite> <!-- rough.ClickElement2 -->
