<?xml version="1.0" encoding="UTF-8"?>
<!-- Generated by org.testng.reporters.JUnitReportReporter -->
<testsuite skipped="0" hostname="DESKTOP-N60QB27" name="Test.T8" tests="1" failures="0" timestamp="2022-10-12T09:22:56 IST" time="94.696" errors="0">
  <testcase name="m1" time="94.696" classname="Test.T8"/>
  <system-out/>
</testsuite> <!-- Test.T8 -->
