<?xml version="1.0" encoding="UTF-8"?>
<!-- Generated by org.testng.reporters.JUnitReportReporter -->
<testsuite skipped="0" hostname="DESKTOP-N60QB27" name="Test.T3" tests="1" failures="0" timestamp="2022-10-12T08:54:52 IST" time="22.566" errors="0">
  <testcase name="m1" time="22.566" classname="Test.T3"/>
  <system-out/>
</testsuite> <!-- Test.T3 -->
