<?xml version="1.0" encoding="UTF-8"?>
<!-- Generated by org.testng.reporters.JUnitReportReporter -->
<testsuite skipped="0" hostname="DESKTOP-N60QB27" name="rough.JS1" tests="1" failures="0" timestamp="2022-10-11T16:59:16 IST" time="13.517" errors="0">
  <testcase name="m1" time="13.517" classname="rough.JS1"/>
  <system-out/>
</testsuite> <!-- rough.JS1 -->
