<?xml version="1.0" encoding="UTF-8"?>
<!-- Generated by org.testng.reporters.JUnitReportReporter -->
<testsuite skipped="0" hostname="DESKTOP-N60QB27" name="Test.T5" tests="1" failures="0" timestamp="2022-10-12T09:08:08 IST" time="19.566" errors="0">
  <testcase name="m1" time="19.566" classname="Test.T5"/>
  <system-out/>
</testsuite> <!-- Test.T5 -->
