<?xml version="1.0" encoding="UTF-8"?>
<!-- Generated by org.testng.reporters.JUnitReportReporter -->
<testsuite skipped="0" hostname="DESKTOP-N60QB27" name="rough.ClickElement3" tests="1" failures="0" timestamp="2022-10-11T17:16:32 IST" time="18.162" errors="0">
  <testcase name="m1" time="18.162" classname="rough.ClickElement3"/>
  <system-out/>
</testsuite> <!-- rough.ClickElement3 -->
