<?xml version="1.0" encoding="UTF-8"?>
<!-- Generated by org.testng.reporters.JUnitReportReporter -->
<testsuite skipped="0" hostname="DESKTOP-N60QB27" name="Test.T7" tests="1" failures="0" timestamp="2022-10-12T09:18:18 IST" time="10.903" errors="0">
  <testcase name="m1" time="10.903" classname="Test.T7"/>
  <system-out/>
</testsuite> <!-- Test.T7 -->
