<?xml version="1.0" encoding="UTF-8"?>
<!-- Generated by org.testng.reporters.JUnitReportReporter -->
<testsuite skipped="0" hostname="DESKTOP-N60QB27" name="rough.ClickElement4" tests="1" failures="0" timestamp="2022-10-11T17:19:40 IST" time="10.984" errors="0">
  <testcase name="m1" time="10.984" classname="rough.ClickElement4"/>
  <system-out/>
</testsuite> <!-- rough.ClickElement4 -->
